[2024-01-17 14:56:15] merlin-logger.DEBUG: The welcome step has been displayed [] []
[2024-01-17 14:56:18] merlin-logger.DEBUG: The license activation step has been displayed [] []
[2024-01-17 14:56:23] merlin-logger.DEBUG: The license activation step has been displayed [] []
[2024-01-17 14:56:23] merlin-logger.DEBUG: The plugin installation step has been displayed [] []
[2024-01-17 14:56:40] merlin-logger.DEBUG: A plugin with the following data will be processed {"plugin_slug":"hub-core","message":"Installing"} []
[2024-01-17 14:57:02] merlin-logger.DEBUG: A plugin with the following data will be processed {"plugin_slug":"hub-core","message":"Installing"} []
[2024-01-17 14:57:03] merlin-logger.DEBUG: A plugin with the following data will be processed {"plugin_slug":"hub-portfolio","message":"Installing"} []
[2024-01-17 14:57:09] merlin-logger.DEBUG: A plugin with the following data will be processed {"plugin_slug":"hub-portfolio","message":"Activating"} []
[2024-01-17 14:57:10] merlin-logger.DEBUG: A plugin with the following data was processed {"plugin_slug":"hub-portfolio"} []
[2024-01-17 14:57:10] merlin-logger.DEBUG: A plugin with the following data will be processed {"plugin_slug":"hub-elementor-addons","message":"Installing"} []
[2024-01-17 14:57:32] merlin-logger.DEBUG: A plugin with the following data will be processed {"plugin_slug":"hub-elementor-addons","message":"Activating"} []
[2024-01-17 14:57:33] merlin-logger.DEBUG: A plugin with the following data was processed {"plugin_slug":"hub-elementor-addons"} []
[2024-01-17 14:57:34] merlin-logger.DEBUG: A plugin with the following data will be processed {"plugin_slug":"revslider","message":"Installing"} []
[2024-01-17 14:57:52] merlin-logger.DEBUG: A plugin with the following data will be processed {"plugin_slug":"revslider","message":"Activating"} []
[2024-01-17 14:57:56] merlin-logger.DEBUG: A plugin with the following data was processed {"plugin_slug":"revslider"} []
[2024-01-17 14:57:57] merlin-logger.DEBUG: A plugin with the following data was processed {"plugin_slug":"revslider"} []
[2024-01-17 14:57:57] merlin-logger.DEBUG: A plugin with the following data will be processed {"plugin_slug":"contact-form-7","message":"Installing"} []
[2024-01-17 14:58:06] merlin-logger.DEBUG: A plugin with the following data will be processed {"plugin_slug":"contact-form-7","message":"Activating"} []
[2024-01-17 14:58:07] merlin-logger.DEBUG: A plugin with the following data was processed {"plugin_slug":"contact-form-7"} []
[2024-01-17 14:58:07] merlin-logger.DEBUG: A plugin with the following data will be processed {"plugin_slug":"woocommerce","message":"Installing"} []
[2024-01-17 14:58:20] merlin-logger.DEBUG: A plugin with the following data will be processed {"plugin_slug":"woocommerce","message":"Activating"} []
[2024-01-17 14:58:22] merlin-logger.DEBUG: A plugin with the following data was processed {"plugin_slug":"woocommerce"} []
[2024-01-17 14:58:23] merlin-logger.DEBUG: A plugin with the following data will be processed {"plugin_slug":"wp-bottom-menu","message":"Installing"} []
[2024-01-17 14:58:36] merlin-logger.DEBUG: A plugin with the following data will be processed {"plugin_slug":"wp-bottom-menu","message":"Activating"} []
[2024-01-17 14:58:37] merlin-logger.DEBUG: A plugin with the following data was processed {"plugin_slug":"wp-bottom-menu"} []
[2024-01-17 14:58:41] merlin-logger.DEBUG: The content import step has been displayed [] []
[2024-01-17 14:58:47] merlin-logger.DEBUG: The plugin installation step has been displayed [] []
[2024-01-17 14:58:52] merlin-logger.DEBUG: A plugin with the following data will be processed {"plugin_slug":"hub-core","message":"Activating"} []
[2024-01-17 14:58:53] merlin-logger.DEBUG: A plugin with the following data was processed {"plugin_slug":"hub-core"} []
[2024-01-17 14:58:57] merlin-logger.DEBUG: The content import step has been displayed [] []
[2024-01-17 14:59:43] merlin-logger.DEBUG: The Hello world post status was set to draft [] []
[2024-01-17 14:59:44] merlin-logger.DEBUG: The Hello world post status was set to draft [] []
[2024-01-17 15:00:26] merlin-logger.DEBUG: The final step has been displayed [] []
